0 info it worked if it ends with ok
1 verbose cli [ '/opt/boxen/nodenv/versions/v0.10.21/bin/node',
1 verbose cli   '/opt/boxen/nodenv/versions/v0.10.21/bin/npm',
1 verbose cli   'install' ]
2 info using npm@1.3.11
3 info using node@v0.10.21
4 verbose readDependencies using package.json deps
5 verbose install where, deps [ '/Users/jmumm/Dropbox/Programming/backbone/exhibit-js',
5 verbose install   [ 'requirejs',
5 verbose install     'connect',
5 verbose install     'volo',
5 verbose install     'requirejs/text',
5 verbose install     'grunt',
5 verbose install     'grunt-exec' ] ]
6 info preinstall exhibit-js@0.0.1
7 verbose readDependencies using package.json deps
8 verbose cache add [ 'requirejs@latest', null ]
9 verbose cache add name=undefined spec="requirejs@latest" args=["requirejs@latest",null]
10 verbose parsed url { protocol: null,
10 verbose parsed url   slashes: null,
10 verbose parsed url   auth: null,
10 verbose parsed url   host: null,
10 verbose parsed url   port: null,
10 verbose parsed url   hostname: null,
10 verbose parsed url   hash: null,
10 verbose parsed url   search: null,
10 verbose parsed url   query: null,
10 verbose parsed url   pathname: 'requirejs@latest',
10 verbose parsed url   path: 'requirejs@latest',
10 verbose parsed url   href: 'requirejs@latest' }
11 verbose cache add name="requirejs" spec="latest" args=["requirejs","latest"]
12 verbose parsed url { protocol: null,
12 verbose parsed url   slashes: null,
12 verbose parsed url   auth: null,
12 verbose parsed url   host: null,
12 verbose parsed url   port: null,
12 verbose parsed url   hostname: null,
12 verbose parsed url   hash: null,
12 verbose parsed url   search: null,
12 verbose parsed url   query: null,
12 verbose parsed url   pathname: 'latest',
12 verbose parsed url   path: 'latest',
12 verbose parsed url   href: 'latest' }
13 verbose addNamed [ 'requirejs', 'latest' ]
14 verbose addNamed [ null, null ]
15 verbose already installed skipping connect@2.7.0 /Users/jmumm/Dropbox/Programming/backbone/exhibit-js
16 silly lockFile 27500c20-requirejs-latest requirejs@latest
17 verbose lock requirejs@latest /Users/jmumm/.npm/27500c20-requirejs-latest.lock
18 verbose cache add [ 'requirejs/text@latest', null ]
19 verbose cache add name=undefined spec="requirejs/text@latest" args=["requirejs/text@latest",null]
20 verbose parsed url { protocol: null,
20 verbose parsed url   slashes: null,
20 verbose parsed url   auth: null,
20 verbose parsed url   host: null,
20 verbose parsed url   port: null,
20 verbose parsed url   hostname: null,
20 verbose parsed url   hash: null,
20 verbose parsed url   search: null,
20 verbose parsed url   query: null,
20 verbose parsed url   pathname: 'requirejs/text@latest',
20 verbose parsed url   path: 'requirejs/text@latest',
20 verbose parsed url   href: 'requirejs/text@latest' }
21 verbose cache add name="requirejs/text" spec="latest" args=["requirejs/text","latest"]
22 verbose parsed url { protocol: null,
22 verbose parsed url   slashes: null,
22 verbose parsed url   auth: null,
22 verbose parsed url   host: null,
22 verbose parsed url   port: null,
22 verbose parsed url   hostname: null,
22 verbose parsed url   hash: null,
22 verbose parsed url   search: null,
22 verbose parsed url   query: null,
22 verbose parsed url   pathname: 'latest',
22 verbose parsed url   path: 'latest',
22 verbose parsed url   href: 'latest' }
23 verbose addNamed [ 'requirejs/text', 'latest' ]
24 verbose addNamed [ null, null ]
25 silly lockFile b1734aeb-requirejs-text-latest requirejs/text@latest
26 verbose lock requirejs/text@latest /Users/jmumm/.npm/b1734aeb-requirejs-text-latest.lock
27 verbose cache add [ 'volo@latest', null ]
28 verbose cache add name=undefined spec="volo@latest" args=["volo@latest",null]
29 verbose parsed url { protocol: null,
29 verbose parsed url   slashes: null,
29 verbose parsed url   auth: null,
29 verbose parsed url   host: null,
29 verbose parsed url   port: null,
29 verbose parsed url   hostname: null,
29 verbose parsed url   hash: null,
29 verbose parsed url   search: null,
29 verbose parsed url   query: null,
29 verbose parsed url   pathname: 'volo@latest',
29 verbose parsed url   path: 'volo@latest',
29 verbose parsed url   href: 'volo@latest' }
30 verbose cache add name="volo" spec="latest" args=["volo","latest"]
31 verbose parsed url { protocol: null,
31 verbose parsed url   slashes: null,
31 verbose parsed url   auth: null,
31 verbose parsed url   host: null,
31 verbose parsed url   port: null,
31 verbose parsed url   hostname: null,
31 verbose parsed url   hash: null,
31 verbose parsed url   search: null,
31 verbose parsed url   query: null,
31 verbose parsed url   pathname: 'latest',
31 verbose parsed url   path: 'latest',
31 verbose parsed url   href: 'latest' }
32 verbose addNamed [ 'volo', 'latest' ]
33 verbose addNamed [ null, null ]
34 silly lockFile 76195093-volo-latest volo@latest
35 verbose lock volo@latest /Users/jmumm/.npm/76195093-volo-latest.lock
36 verbose cache add [ 'grunt@latest', null ]
37 verbose cache add name=undefined spec="grunt@latest" args=["grunt@latest",null]
38 verbose parsed url { protocol: null,
38 verbose parsed url   slashes: null,
38 verbose parsed url   auth: null,
38 verbose parsed url   host: null,
38 verbose parsed url   port: null,
38 verbose parsed url   hostname: null,
38 verbose parsed url   hash: null,
38 verbose parsed url   search: null,
38 verbose parsed url   query: null,
38 verbose parsed url   pathname: 'grunt@latest',
38 verbose parsed url   path: 'grunt@latest',
38 verbose parsed url   href: 'grunt@latest' }
39 verbose cache add name="grunt" spec="latest" args=["grunt","latest"]
40 verbose parsed url { protocol: null,
40 verbose parsed url   slashes: null,
40 verbose parsed url   auth: null,
40 verbose parsed url   host: null,
40 verbose parsed url   port: null,
40 verbose parsed url   hostname: null,
40 verbose parsed url   hash: null,
40 verbose parsed url   search: null,
40 verbose parsed url   query: null,
40 verbose parsed url   pathname: 'latest',
40 verbose parsed url   path: 'latest',
40 verbose parsed url   href: 'latest' }
41 verbose addNamed [ 'grunt', 'latest' ]
42 verbose addNamed [ null, null ]
43 silly lockFile c5c58d45-grunt-latest grunt@latest
44 verbose lock grunt@latest /Users/jmumm/.npm/c5c58d45-grunt-latest.lock
45 verbose cache add [ 'grunt-exec@latest', null ]
46 verbose cache add name=undefined spec="grunt-exec@latest" args=["grunt-exec@latest",null]
47 verbose parsed url { protocol: null,
47 verbose parsed url   slashes: null,
47 verbose parsed url   auth: null,
47 verbose parsed url   host: null,
47 verbose parsed url   port: null,
47 verbose parsed url   hostname: null,
47 verbose parsed url   hash: null,
47 verbose parsed url   search: null,
47 verbose parsed url   query: null,
47 verbose parsed url   pathname: 'grunt-exec@latest',
47 verbose parsed url   path: 'grunt-exec@latest',
47 verbose parsed url   href: 'grunt-exec@latest' }
48 verbose cache add name="grunt-exec" spec="latest" args=["grunt-exec","latest"]
49 verbose parsed url { protocol: null,
49 verbose parsed url   slashes: null,
49 verbose parsed url   auth: null,
49 verbose parsed url   host: null,
49 verbose parsed url   port: null,
49 verbose parsed url   hostname: null,
49 verbose parsed url   hash: null,
49 verbose parsed url   search: null,
49 verbose parsed url   query: null,
49 verbose parsed url   pathname: 'latest',
49 verbose parsed url   path: 'latest',
49 verbose parsed url   href: 'latest' }
50 verbose addNamed [ 'grunt-exec', 'latest' ]
51 verbose addNamed [ null, null ]
52 silly lockFile 32e8ab21-grunt-exec-latest grunt-exec@latest
53 verbose lock grunt-exec@latest /Users/jmumm/.npm/32e8ab21-grunt-exec-latest.lock
54 info addNameTag [ 'requirejs', 'latest' ]
55 info addNameTag [ 'volo', 'latest' ]
56 info addNameTag [ 'requirejs/text', 'latest' ]
57 info addNameTag [ 'grunt', 'latest' ]
58 verbose url raw requirejs/text
59 verbose url resolving [ 'https://registry.npmjs.org/', './requirejs/text' ]
60 verbose url resolved https://registry.npmjs.org/requirejs/text
61 info trying registry request attempt 1 at 17:57:30
62 http GET https://registry.npmjs.org/requirejs/text
63 info addNameTag [ 'grunt-exec', 'latest' ]
64 verbose url raw requirejs
65 verbose url resolving [ 'https://registry.npmjs.org/', './requirejs' ]
66 verbose url resolved https://registry.npmjs.org/requirejs
67 info trying registry request attempt 1 at 17:57:30
68 verbose etag "7H83Q9J4Q6R8PQ7GB3T906QJW"
69 http GET https://registry.npmjs.org/requirejs
70 verbose url raw volo
71 verbose url resolving [ 'https://registry.npmjs.org/', './volo' ]
72 verbose url resolved https://registry.npmjs.org/volo
73 info trying registry request attempt 1 at 17:57:30
74 verbose etag "4CA11NWPS7MUJYAYUYXK3O7QC"
75 http GET https://registry.npmjs.org/volo
76 verbose url raw grunt
77 verbose url resolving [ 'https://registry.npmjs.org/', './grunt' ]
78 verbose url resolved https://registry.npmjs.org/grunt
79 info trying registry request attempt 1 at 17:57:30
80 verbose etag "8G4B16QNXPYWWL63FJJU9MRS1"
81 http GET https://registry.npmjs.org/grunt
82 verbose url raw grunt-exec
83 verbose url resolving [ 'https://registry.npmjs.org/', './grunt-exec' ]
84 verbose url resolved https://registry.npmjs.org/grunt-exec
85 info trying registry request attempt 1 at 17:57:31
86 verbose etag "6G4MJ1XP0ZKR3M7L0NNS1OKVI"
87 http GET https://registry.npmjs.org/grunt-exec
88 http 304 https://registry.npmjs.org/grunt
89 silly registry.get cb [ 304,
89 silly registry.get   { date: 'Wed, 14 May 2014 21:57:31 GMT',
89 silly registry.get     server: 'Apache',
89 silly registry.get     via: '1.1 varnish',
89 silly registry.get     'last-modified': 'Wed, 14 May 2014 21:57:31 GMT',
89 silly registry.get     'cache-control': 'max-age=1',
89 silly registry.get     etag: '"8G4B16QNXPYWWL63FJJU9MRS1"',
89 silly registry.get     'x-served-by': 'cache-jfk1028-JFK',
89 silly registry.get     'x-cache': 'HIT',
89 silly registry.get     'x-cache-hits': '1',
89 silly registry.get     'x-timer': 'S1400104651.025919437,VS0,VE1',
89 silly registry.get     vary: 'Accept',
89 silly registry.get     'content-length': '0',
89 silly registry.get     'keep-alive': 'timeout=10, max=50',
89 silly registry.get     connection: 'Keep-Alive' } ]
90 verbose etag grunt from cache
91 http 304 https://registry.npmjs.org/requirejs
92 silly registry.get cb [ 304,
92 silly registry.get   { date: 'Wed, 14 May 2014 21:57:31 GMT',
92 silly registry.get     server: 'Apache',
92 silly registry.get     via: '1.1 varnish',
92 silly registry.get     'last-modified': 'Wed, 14 May 2014 21:57:31 GMT',
92 silly registry.get     'cache-control': 'max-age=1',
92 silly registry.get     etag: '"7H83Q9J4Q6R8PQ7GB3T906QJW"',
92 silly registry.get     'x-served-by': 'cache-jfk1030-JFK',
92 silly registry.get     'x-cache': 'MISS',
92 silly registry.get     'x-cache-hits': '0',
92 silly registry.get     'x-timer': 'S1400104651.022870064,VS0,VE14',
92 silly registry.get     vary: 'Accept',
92 silly registry.get     'content-length': '0',
92 silly registry.get     'keep-alive': 'timeout=10, max=50',
92 silly registry.get     connection: 'Keep-Alive' } ]
93 verbose etag requirejs from cache
94 verbose addNamed [ 'grunt', '0.4.5' ]
95 verbose addNamed [ '0.4.5', '0.4.5' ]
96 silly lockFile 81abf7ad-grunt-0-4-5 grunt@0.4.5
97 verbose lock grunt@0.4.5 /Users/jmumm/.npm/81abf7ad-grunt-0-4-5.lock
98 verbose addNamed [ 'requirejs', '2.1.11' ]
99 verbose addNamed [ '2.1.11', '2.1.11' ]
100 silly lockFile b76e8723-requirejs-2-1-11 requirejs@2.1.11
101 verbose lock requirejs@2.1.11 /Users/jmumm/.npm/b76e8723-requirejs-2-1-11.lock
102 silly lockFile 81abf7ad-grunt-0-4-5 grunt@0.4.5
103 silly lockFile 81abf7ad-grunt-0-4-5 grunt@0.4.5
104 silly lockFile b76e8723-requirejs-2-1-11 requirejs@2.1.11
105 silly lockFile b76e8723-requirejs-2-1-11 requirejs@2.1.11
106 silly lockFile c5c58d45-grunt-latest grunt@latest
107 silly lockFile c5c58d45-grunt-latest grunt@latest
108 silly lockFile 27500c20-requirejs-latest requirejs@latest
109 silly lockFile 27500c20-requirejs-latest requirejs@latest
110 info already installed grunt@0.4.5
111 info already installed requirejs@2.1.11
112 http 404 https://registry.npmjs.org/requirejs/text
113 silly registry.get cb [ 404,
113 silly registry.get   { date: 'Wed, 14 May 2014 21:57:31 GMT',
113 silly registry.get     server: 'CouchDB/1.5.0 (Erlang OTP/R16B)',
113 silly registry.get     etag: '"7H83Q9J4Q6R8PQ7GB3T906QJW"',
113 silly registry.get     'content-type': 'application/json',
113 silly registry.get     via: '1.1 varnish',
113 silly registry.get     'cache-control': 'max-age=0',
113 silly registry.get     'content-length': '35',
113 silly registry.get     'accept-ranges': 'bytes',
113 silly registry.get     age: '0',
113 silly registry.get     'x-served-by': 'cache-v36-ASH, cache-jfk1024-JFK',
113 silly registry.get     'x-cache': 'MISS, MISS',
113 silly registry.get     'x-cache-hits': '0, 0',
113 silly registry.get     'x-timer': 'S1400104651.021064997,VS0,VS3,VE93,VE96',
113 silly registry.get     vary: 'Accept',
113 silly registry.get     'keep-alive': 'timeout=10, max=50',
113 silly registry.get     connection: 'Keep-Alive' } ]
114 silly lockFile b1734aeb-requirejs-text-latest requirejs/text@latest
115 silly lockFile b1734aeb-requirejs-text-latest requirejs/text@latest
116 error Error: version not found: text : requirejs/text
116 error     at RegClient.<anonymous> (/opt/boxen/nodenv/versions/v0.10.21/lib/node_modules/npm/node_modules/npm-registry-client/lib/request.js:272:14)
116 error     at Request.self.callback (/opt/boxen/nodenv/versions/v0.10.21/lib/node_modules/npm/node_modules/request/request.js:129:22)
116 error     at Request.EventEmitter.emit (events.js:98:17)
116 error     at Request.<anonymous> (/opt/boxen/nodenv/versions/v0.10.21/lib/node_modules/npm/node_modules/request/request.js:873:14)
116 error     at Request.EventEmitter.emit (events.js:117:20)
116 error     at IncomingMessage.<anonymous> (/opt/boxen/nodenv/versions/v0.10.21/lib/node_modules/npm/node_modules/request/request.js:824:12)
116 error     at IncomingMessage.EventEmitter.emit (events.js:117:20)
116 error     at _stream_readable.js:920:16
116 error     at process._tickCallback (node.js:415:13)
117 error If you need help, you may report this log at:
117 error     <http://github.com/isaacs/npm/issues>
117 error or email it to:
117 error     <npm-@googlegroups.com>
118 error System Darwin 13.1.0
119 error command "/opt/boxen/nodenv/versions/v0.10.21/bin/node" "/opt/boxen/nodenv/versions/v0.10.21/bin/npm" "install"
120 error cwd /Users/jmumm/Dropbox/Programming/backbone/exhibit-js
121 error node -v v0.10.21
122 error npm -v 1.3.11
123 verbose exit [ 1, true ]
